{"C:\\Users\\byu03\\OneDrive\\바탕 화면\\JS-Array-Challenge\\Challenge\\byu0324\\recommendAd\\solve.js": {"path":"C:\\Users\\byu03\\OneDrive\\바탕 화면\\JS-Array-Challenge\\Challenge\\byu0324\\recommendAd\\solve.js","statementMap":{"0":{"start":{"line":1,"column":20},"end":{"line":9,"column":1}},"1":{"start":{"line":14,"column":0},"end":{"line":14,"column":28}}},"fnMap":{"0":{"name":"solution","decl":{"start":{"line":12,"column":9},"end":{"line":12,"column":17}},"loc":{"start":{"line":12,"column":30},"end":{"line":12,"column":32}},"line":12}},"branchMap":{},"s":{"0":1,"1":1},"f":{"0":1},"b":{},"_coverageSchema":"1a1c01bbd47fc00a2c39e90264f33305004495a9","hash":"5482baf429a90371a63e3f7e626ffdf0230b7aac"}
}
